 for AllocateHeap
# Possible reasons:
#   The system is out of physical RAM or swap space
#   The process is running with CompressedOops enabled, and the Java Heap may be blocking the growth of the native heap
# Possible solutions:
#   Reduce memory load on the system
#   Increase physical memory or swap space
#   Check if swap backing store is full
#   Decrease Java heap size (-Xmx/-Xms)
#   Decrease number of Java threads
#   Decrease Java thread stack sizes (-Xss)
#   Set larger code cache with -XX:ReservedCodeCacheSize=
#
#  Out of Memory Error, pid=23860, tid=29200
# JRE version: OpenJDK Runtime Environment (11.0+28) (build 11+28)
# Java VM: OpenJDK 64-Bit Server VM (11+28, mixed mode, tiered, compressed oops, g1 gc, windows-amd64)
# No core dump will be written. Minidumps are not enabled by default on client versions of Windows
#

---------------  S U M M A R Y ------------

Command Line: -javaagent:C:\Program Files\JetBrains\IntelliJ IDEA Community Edition 2020.1.3\lib\idea_rt.jar=57553:C:\Program Files\JetBrains\IntelliJ IDEA Community Edition 2020.1.3\bin -Dfile.encoding=UTF-8 com.springframework.brewery.BreweryApplication

Host: Intel(R) Core(TM) i7-8550U CPU @ 1.80GHz, 8 cores, 7G,  Windows 10 , 64 bit Build 22000 (10.0.22000.675)
Time: Mon Jul  4 13:27:02 2022 India Standard Time elapsed time: 217520 seconds (2d 12h 25m 20s)

---------------  T H R E A D  ---------------

Current thread (0x0000023589f55800):  JavaThread "File Watcher" daemon [_thread_in_Java, id=29200, stack(0x0000006464500000,0x0000006464600000)]

Stack: [0x0000006464500000,0x0000006464600000]
[error occurred during error reporting (printing stack bounds), id 0xc0000005, EXCEPTION_ACCESS_VIOLATION (0xc0000005) at pc=0x00007ffe7a0ccb3a]

Native frames: (J=compiled Java code, j=interpreted, Vv=VM code, C=native code)
V  [jvm.dll+0x63adaa]
V  [jvm.dll+0x77852f]
V  [jvm.dll+0x779b18]
V  [jvm.dll+0x77a135]
V  [jvm.dll+0x77a0eb]
V  [jvm.dll+0x63a4a6]
V  [jvm.dll+0x63a878]
C  [ntdll.dll+0xa8e4f]
C  [ntdll.dll+0x35e9a]
C  [ntdll.dll+0xa7e5e]
V  [jvm.dll+0x6acb3a]
C  0x00000235ef29833e

Java frames: (J=compiled Java code, j=interpreted, Vv=VM code)
v  blob 0x00000235ef2b8eab
J 4276 c2 org.springframework.boot.devtools.filewatch.DirectorySnapshot.collectFiles(Ljava/io/File;Ljava/util/Set;)V (99 bytes) @ 0x00000235f6fe0f88 [0x00000235f6fdb100+0x0000000000005e88]
J 4213 c1 org.springframework.boot.devtools.filewatch.DirectorySnapshot.<init>(Ljava/io/File;)V (70 bytes) @ 0x00000235f01a0974 [0x00000235f019fee0+0x0000000000000a94]
J 4252 c1 org.springframework.boot.devtools.filewatch.FileSystemWatcher$Watcher.getCurrentSnapshots()Ljava/util/Map; (63 bytes) @ 0x00000235f01c1aa4 [0x00000235f01c14a0+0x0000000000000604]
J 4216 c1 org.springframework.boot.devtools.filewatch.FileSystemWatcher$Watcher.scan()V (63 bytes) @ 0x00000235f01a268c [0x00000235f01a25c0+0x00000000000000cc]
j  org.springframework.boot.devtools.filewatch.FileSystemWatcher$Watcher.run()V+30
j  java.lang.Thread.run()V+11 java.base@11
v  ~StubRoutines::call_stub

---------------  P R O C E S S  ---------------

Threads class SMR info:
_java_thread_list=0x000002358800e8f0, length=28, elements={
0x00000235ffbde000, 0x00000235ffc09800, 0x0000023586713800, 0x00000235ffc17800,
0x00000235ffc18800, 0x00000235ffc1c800, 0x00000235ffc21000, 0x0000023586873000,
0x0000023586b8f800, 0x0000023586b42800, 0x00000235881cf000, 0x0000023589729000,
0x0000023588639000, 0x0000023589f55800, 0x000002358b967000, 0x000002358b159000,
0x000002358b157800, 0x000002358b155000, 0x000002358b154000, 0x000002358b158800,
0x000002358b156000, 0x000002358b156800, 0x000002358b153800, 0x000002358b15a000,
0x000002358c4d7800, 0x000002358c4db000, 0x000002358c4dc800, 0x000002358c4d8800
}

Java Threads: ( => current thread )
  0x00000235ffbde000 JavaThread "Reference Handler" daemon [_thread_blocked, id=8952, stack(0x0000006462b00000,0x0000006462c00000)]
  0x00000235ffc09800 JavaThread "Finalizer" daemon [_thread_blocked, id=19776, stack(0x0000006462c00000,0x0000006462d00000)]
  0x0000023586713800 JavaThread "Signal Dispatcher" daemon [_thread_blocked, id=37588, stack(0x0000006462d00000,0x0000006462e00000)]
  0x00000235ffc17800 JavaThread "Attach Listener" daemon [_thread_blocked, id=9424, stack(0x0000006462e00000,0x0000006462f00000)]
  0x00000235ffc18800 JavaThread "C2 CompilerThread0" daemon [_thread_blocked, id=31548, stack(0x0000006462f00000,0x0000006463000000)]
  0x00000235ffc1c800 JavaThread "C1 CompilerThread0" daemon [_thread_blocked, id=3824, stack(0x0000006463000000,0x0000006463100000)]
  0x00000235ffc21000 JavaThread "Sweeper thread" daemon [_thread_blocked, id=10492, stack(0x0000006463100000,0x0000006463200000)]
  0x0000023586873000 JavaThread "Common-Cleaner" daemon [_thread_blocked, id=23996, stack(0x0000006463200000,0x0000006463300000)]
  0x0000023586b8f800 JavaThread "Monitor Ctrl-Break" daemon [_thread_in_native, id=12132, stack(0x0000006463300000,0x0000006463400000)]
  0x0000023586b42800 JavaThread "Service Thread" daemon [_thread_blocked, id=29824, stack(0x0000006463400000,0x0000006463500000)]
  0x00000235881cf000 JavaThread "Catalina-utility-1" [_thread_blocked, id=6588, stack(0x0000006464200000,0x0000006464300000)]
  0x0000023589729000 JavaThread "Catalina-utility-2" [_thread_blocked, id=27412, stack(0x0000006464300000,0x0000006464400000)]
  0x0000023588639000 JavaThread "container-0" [_thread_blocked, id=36052, stack(0x0000006464400000,0x0000006464500000)]
=>0x0000023589f55800 JavaThread "File Watcher" daemon [_thread_in_Java, id=29200, stack(0x0000006464500000,0x0000006464600000)]
  0x000002358b967000 JavaThread "Live Reload Server" daemon [_thread_in_native, id=13256, stack(0x0000006464700000,0x0000006464800000)]
  0x000002358b159000 JavaThread "http-nio-8080-exec-1" daemon [_thread_blocked, id=13148, stack(0x0000006464600000,0x0000006464700000)]
  0x000002358b157800 JavaThread "http-nio-8080-exec-2" daemon [_thread_blocked, id=26692, stack(0x0000006464800000,0x0000006464900000)]
  0x000002358b155000 JavaThread "http-nio-8080-exec-3" daemon [_thread_blocked, id=18724, stack(0x0000006464900000,0x0000006464a00000)]
  0x000002358b154000 JavaThread "http-nio-8080-exec-4" daemon [_thread_blocked, id=7528, stack(0x0000006464a00000,0x0000006464b00000)]
  0x000002358b158800 JavaThread "http-nio-8080-exec-5" daemon [_thread_blocked, id=11484, stack(0x0000006464b00000,0x0000006464c00000)]
  0x000002358b156000 JavaThread "http-nio-8080-exec-6" daemon [_thread_blocked, id=25668, stack(0x0000006464c00000,0x0000006464d00000)]
  0x000002358b156800 JavaThread "http-nio-8080-exec-7" daemon [_thread_blocked, id=38668, stack(0x0000006464d00000,0x0000006464e00000)]
  0x000002358b153800 JavaThread "http-nio-8080-exec-8" daemon [_thread_blocked, id=31876, stack(0x0000006464e00000,0x0000006464f00000)]
  0x000002358b15a000 JavaThread "http-nio-8080-exec-9" daemon [_thread_blocked, id=4132, stack(0x0000006464f00000,0x0000006465000000)]
  0x000002358c4d7800 JavaThread "http-nio-8080-exec-10" daemon [_thread_blocked, id=23784, stack(0x0000006465000000,0x0000006465100000)]
  0x000002358c4db000 JavaThread "http-nio-8080-Poller" daemon [_thread_in_native, id=38436, stack(0x0000006465100000,0x0000006465200000)]
  0x000002358c4dc800 JavaThread "http-nio-8080-Acceptor" daemon [_thread_in_native, id=14112, stack(0x0000006465200000,0x0000006465300000)]
  0x000002358c4d8800 JavaThread "DestroyJavaVM" [_thread_blocked, id=36940, stack(0x0000006462400000,0x0000006462500000)]

Other Threads:
  0x00000235ffbda800 VMThread "VM Thread" [stack: 0x0000006462a00000,0x0000006462b00000] [id=29896]
  0x0000023586b44000 WatcherThread [stack: 0x0000006463500000,0x0000006463600000] [id=14056]
  0x00000235e6f97000 GCTaskThread "GC Thread#0" [stack: 0x0000006462500000,0x0000006462600000] [id=19064]
  0x0000023587159800 GCTaskThread "GC Thread#1" [stack: 0x0000006463800000,0x0000006463900000] [id=30424]
  0x0000023587149800 GCTaskThread "GC Thread#2" [stack: 0x0000006463900000,0x0000006463a00000] [id=3992]
  0x000002358714a000 GCTaskThread "GC Thread#3" [stack: 0x0000006463a00000,0x0000006463b00000] [id=38100]
  0x000002358714b000 GCTaskThread "GC Thread#4" [stack: 0x0000006463b00000,0x0000006463c00000] [id=36796]
  0x000002358714c000 GCTaskThread "GC Thread#5" [stack: 0x0000006463c00000,0x0000006463d00000] [id=1964]
  0x000002358794d800 GCTaskThread "GC Thread#6" [stack: 0x0000006463f00000,0x0000006464000000] [id=36436]
  0x0000023587b32800 GCTaskThread "GC Thread#7" [stack: 0x0000006464000000,0x0000006464100000] [id=28088]
  0x00000235e6fca000 ConcurrentGCThread "G1 Main Marker" [stack: 0x0000006462600000,0x0000006462700000] [id=38204]
  0x00000235e6fcb800 ConcurrentGCThread "G1 Conc#0" [stack: 0x0000006462700000,0x0000006462800000] [id=25436]
  0x00000235878f0800 ConcurrentGCThread "G1 Conc#1" [stack: 0x0000006464100000,0x0000006464200000] [id=12344]
  0x00000235ffa40800 ConcurrentGCThread "G1 Refine#0" [stack: 0x0000006462800000,0x0000006462900000] [id=37340]
  0x00000235ffa41800 ConcurrentGCThread "G1 Young RemSet Sampling" [stack: 0x0000006462900000,0x0000006462a00000] [id=38808]

Threads with active compile tasks:

VM state:not at safepoint (normal execution)

VM Mutex/Monitor currently owned by a thread: None

Heap address: 0x0000000082800000, size: 2008 MB, Compressed Oops mode: 32-bit
Narrow klass base: 0x0000000000000000, Narrow klass shift: 3
Compressed class space size: 1073741824 Address: 0x0000000100000000

Heap:
 garbage-first heap   total 155648K, used 50106K [0x0000000082800000, 0x0000000100000000)
  region size 1024K, 44 young (45056K), 9 survivors (9216K)
 Metaspace       used 43260K, capacity 44763K, committed 45004K, reserved 1089536K
  class space    used 5170K, capacity 5762K, committed 5836K, reserved 1048576K
Heap Regions: E=young(eden), S=young(survivor), O=old, HS=humongous(starts), HC=humongous(continues), CS=collection set, F=free, A=archive, TAMS=top-at-mark-start (previous, next)
|   0|0x0000000082800000, 0x0000000082900000, 0x0000000082900000|100%| O|  |TAMS 0x0000000082900000, 0x0000000082800000| Untracked 
|   1|0x0000000082900000, 0x0000000082a00000, 0x0000000082a00000|100%| O|  |TAMS 0x0000000082a00000, 0x0000000082900000| Untracked 
|   2|0x0000000082a00000, 0x0000000082b00000, 0x0000000082b00000|100%| O|  |TAMS 0x0000000082b00000, 0x0000000082a00000| Untracked 
|   3|0x0000000082b00000, 0x0000000082c00000, 0x0000000082c00000|100%| O|  |TAMS 0x0000000082c00000, 0x0000000082b00000| Untracked 
|   4|0x0000000082c00000, 0x0000000082d00000, 0x0000000082d00000|100%| O|  |TAMS 0x0000000082d00000, 0x0000000082c00000| Untracked 
|   5|0x0000000082d00000, 0x0000000082deea00, 0x0000000082e00000| 93%| O|  |TAMS 0x0000000082deea00, 0x0000000082d00000| Untracked 
|   6|0x0000000082e00000, 0x0000000082e00000, 0x0000000082f00000|  0%| F|  |TAMS 0x0000000082e00000, 0x0000000082e00000| Untracked 
|   7|0x0000000082f00000, 0x0000000082f00000, 0x0000000083000000|  0%| F|  |TAMS 0x0000000082f00000, 0x0000000082f00000| Untracked 
|   8|0x0000000083000000, 0x0000000083000000, 0x0000000083100000|  0%| F|  |TAMS 0x0000000083000000, 0x0000000083000000| Untracked 
|   9|0x0000000083100000, 0x0000000083100000, 0x0000000083200000|  0%| F|  |TAMS 0x0000000083100000, 0x0000000083100000| Untracked 
|  10|0x0000000083200000, 0x0000000083200000, 0x0000000083300000|  0%| F|  |TAMS 0x0000000083200000, 0x0000000083200000| Untracked 
|  11|0x0000000083300000, 0x0000000083300000, 0x0000000083400000|  0%| F|  |TAMS 0x0000000083300000, 0x0000000083300000| Untracked 
|  12|0x0000000083400000, 0x0000000083400000, 0x0000000083500000|  0%| F|  |TAMS 0x0000000083400000, 0x0000000083400000| Untracked 
|  13|0x0000000083500000, 0x0000000083500000, 0x0000000083600000|  0%| F|  |TAMS 0x0000000083500000, 0x0000000083500000| Untracked 
|  14|0x0000000083600000, 0x0000000083600000, 0x0000000083700000|  0%| F|  |TAMS 0x0000000083600000, 0x0000000083600000| Untracked 
|  15|0x0000000083700000, 0x0000000083700000, 0x0000000083800000|  0%| F|  |TAMS 0x0000000083700000, 0x0000000083700000| Untracked 
|  16|0x0000000083800000, 0x0000000083800000, 0x0000000083900000|  0%| F|  |TAMS 0x0000000083800000, 0x0000000083800000| Untracked 
|  17|0x0000000083900000, 0x0000000083900000, 0x0000000083a00000|  0%| F|  |TAMS 0x0000000083900000, 0x0000000083900000| Untracked 
|  18|0x0000000083a00000, 0x0000000083a00000, 0x0000000083b00000|  0%| F|  |TAMS 0x0000000083a00000, 0x0000000083a00000| Untracked 
|  19|0x0000000083b00000, 0x0000000083b00000, 0x0000000083c00000|  0%| F|  |TAMS 0x0000000083b00000, 0x0000000083b00000| Untracked 
|  20|0x0000000083c00000, 0x0000000083c00000, 0x0000000083d00000|  0%| F|  |TAMS 0x0000000083c00000, 0x0000000083c00000| Untracked 
|  21|0x0000000083d00000, 0x0000000083d00000, 0x0000000083e00000|  0%| F|  |TAMS 0x0000000083d00000, 0x0000000083d00000| Untracked 
|  22|0x0000000083e00000, 0x0000000083e00000, 0x0000000083f00000|  0%| F|  |TAMS 0x0000000083e00000, 0x0000000083e00000| Untracked 
|  23|0x0000000083f00000, 0x0000000083f00000, 0x0000000084000000|  0%| F|  |TAMS 0x0000000083f00000, 0x0000000083f00000| Untracked 
|  24|0x0000000084000000, 0x0000000084000000, 0x0000000084100000|  0%| F|  |TAMS 0x0000000084000000, 0x0000000084000000| Untracked 
|  25|0x0000000084100000, 0x0000000084100000, 0x0000000084200000|  0%| F|  |TAMS 0x0000000084100000, 0x0000000084100000| Untracked 
|  26|0x0000000084200000, 0x0000000084200000, 0x0000000084300000|  0%| F|  |TAMS 0x0000000084200000, 0x0000000084200000| Untracked 
|  27|0x0000000084300000, 0x0000000084300000, 0x0000000084400000|  0%| F|  |TAMS 0x0000000084300000, 0x0000000084300000| Untracked 
|  28|0x0000000084400000, 0x0000000084400000, 0x0000000084500000|  0%| F|  |TAMS 0x0000000084400000, 0x0000000084400000| Untracked 
|  29|0x0000000084500000, 0x0000000084500000, 0x0000000084600000|  0%| F|  |TAMS 0x0000000084500000, 0x0000000084500000| Untracked 
|  30|0x0000000084600000, 0x0000000084600000, 0x0000000084700000|  0%| F|  |TAMS 0x0000000084600000, 0x0000000084600000| Untracked 
|  31|0x0000000084700000, 0x0000000084700000, 0x0000000084800000|  0%| F|  |TAMS 0x0000000084700000, 0x0000000084700000| Untracked 
|  32|0x0000000084800000, 0x0000000084800000, 0x0000000084900000|  0%| F|  |TAMS 0x0000000084800000, 0x0000000084800000| Untracked 
|  33|0x0000000084900000, 0x0000000084900000, 0x0000000084a00000|  0%| F|  |TAMS 0x0000000084900000, 0x0000000084900000| Untracked 
|  34|0x0000000084a00000, 0x0000000084a00000, 0x0000000084b00000|  0%| F|  |TAMS 0x0000000084a00000, 0x0000000084a00000| Untracked 
|  35|0x0000000084b00000, 0x0000000084b00000, 0x0000000084c00000|  0%| F|  |TAMS 0x0000000084b00000, 0x0000000084b00000| Untracked 
|  36|0x0000000084c00000, 0x0000000084c00000, 0x0000000084d00000|  0%| F|  |TAMS 0x0000000084c00000, 0x0000000084c00000| Untracked 
|  37|0x0000000084d00000, 0x0000000084d00000, 0x0000000084e00000|  0%| F|  |TAMS 0x0000000084d00000, 0x0000000084d00000| Untracked 
|  38|0x0000000084e00000, 0x0000000084e00000, 0x0000000084f00000|  0%| F|  |TAMS 0x0000000084e00000, 0x0000000084e00000| Untracked 
|  39|0x0000000084f00000, 0x0000000084f00000, 0x0000000085000000|  0%| F|  |TAMS 0x0000000084f00000, 0x0000000084f00000| Untracked 
|  40|0x0000000085000000, 0x0000000085000000, 0x0000000085100000|  0%| F|  |TAMS 0x0000000085000000, 0x0000000085000000| Untracked 
|  41|0x0000000085100000, 0x0000000085100000, 0x0000000085200000|  0%| F|  |TAMS 0x0000000085100000, 0x0000000085100000| Untracked 
|  42|0x0000000085200000, 0x0000000085200000, 0x0000000085300000|  0%| F|  |TAMS 0x0000000085200000, 0x0000000085200000| Untracked 
|  43|0x0000000085300000, 0x0000000085300000, 0x0000000085400000|  0%| F|  |TAMS 0x0000000085300000, 0x0000000085300000| Untracked 
|  44|0x0000000085400000, 0x0000000085400000, 0x0000000085500000|  0%| F|  |TAMS 0x0000000085400000, 0x0000000085400000| Untracked 
|  45|0x0000000085500000, 0x0000000085500000, 0x0000000085600000|  0%| F|  |TAMS 0x0000000085500000, 0x0000000085500000| Untracked 
|  46|0x0000000085600000, 0x0000000085600000, 0x0000000085700000|  0%| F|  |TAMS 0x0000000085600000, 0x0000000085600000| Untracked 
|  47|0x0000000085700000, 0x0000000085700000, 0x0000000085800000|  0%| F|  |TAMS 0x0000000085700000, 0x0000000085700000| Untracked 
|  48|0x0000000085800000, 0x0000000085800000, 0x0000000085900000|  0%| F|  |TAMS 0x0000000085800000, 0x0000000085800000| Untracked 
|  49|0x0000000085900000, 0x0000000085900000, 0x0000000085a00000|  0%| F|  |TAMS 0x0000000085900000, 0x0000000085900000| Untracked 
|  50|0x0000000085a00000, 0x0000000085a00000, 0x0000000085b00000|  0%| F|  |TAMS 0x0000000085a00000, 0x0000000085a00000| Untracked 
|  51|0x0000000085b00000, 0x0000000085b00000, 0x0000000085c00000|  0%| F|  |TAMS 0x0000000085b00000, 0x0000000085b00000| Untracked 
|  52|0x0000000085c00000, 0x0000000085c00000, 0x0000000085d00000|  0%| F|  |TAMS 0x0000000085c00000, 0x0000000085c00000| Untracked 
|  53|0x0000000085d00000, 0x0000000085e00000, 0x0000000085e00000|100%| S|CS|TAMS 0x0000000085d00000, 0x0000000085d00000| Complete 
|  54|0x0000000085e00000, 0x0000000085f00000, 0x0000000085f00000|100%| S|CS|TAMS 0x0000000085e00000, 0x0000000085e00000| Complete 
|  55|0x0000000085f00000, 0x0000000086000000, 0x0000000086000000|100%| S|CS|TAMS 0x0000000085f00000, 0x0000000085f00000| Complete 
|  56|0x0000000086000000, 0x0000000086100000, 0x0000000086100000|100%| S|CS|TAMS 0x0000000086000000, 0x0000000086000000| Complete 
|  57|0x0000000086100000, 0x0000000086200000, 0x0000000086200000|100%| S|CS|TAMS 0x0000000086100000, 0x0000000086100000| Complete 
|  58|0x0000000086200000, 0x0000000086300000, 0x0000000086300000|100%| S|CS|TAMS 0x0000000086200000, 0x0000000086200000| Complete 
|  59|0x0000000086300000, 0x0000000086400000, 0x0000000086400000|100%| S|CS|TAMS 0x0000000086300000, 0x0000000086300000| Complete 
|  60|0x0000000086400000, 0x0000000086500000, 0x0000000086500000|100%| S|CS|TAMS 0x0000000086400000, 0x0000000086400000| Complete 
|  61|0x0000000086500000, 0x0000000086600000, 0x0000000086600000|100%| S|CS|TAMS 0x0000000086500000, 0x0000000086500000| Complete 
|  62|0x0000000086600000, 0x0000000086600000, 0x0000000086700000|  0%| F|  |TAMS 0x0000000086600000, 0x0000000086600000| Untracked 
|  63|0x0000000086700000, 0x0000000086700000, 0x0000000086800000|  0%| F|  |TAMS 0x0000000086700000, 0x0000000086700000| Untracked 
|  64|0x0000000086800000, 0x0000000086800000, 0x0000000086900000|  0%| F|  |TAMS 0x0000000086800000, 0x0000000086800000| Untracked 
|  65|0x0000000086900000, 0x0000000086900000, 0x0000000086a00000|  0%| F|  |TAMS 0x0000000086900000, 0x0000000086900000| Untracked 
|  66|0x0000000086a00000, 0x0000000086a00000, 0x0000000086b00000|  0%| F|  |TAMS 0x0000000086a00000, 0x0000000086a00000| Untracked 
|  67|0x0000000086b00000, 0x0000000086b00000, 0x0000000086c00000|  0%| F|  |TAMS 0x0000000086b00000, 0x0000000086b00000| Untracked 
|  68|0x0000000086c00000, 0x0000000086c00000, 0x0000000086d00000|  0%| F|  |TAMS 0x0000000086c00000, 0x0000000086c00000| Untracked 
|  69|0x0000000086d00000, 0x0000000086d00000, 0x0000000086e00000|  0%| F|  |TAMS 0x0000000086d00000, 0x0000000086d00000| Untracked 
|  70|0x0000000086e00000, 0x0000000086e00000, 0x0000000086f00000|  0%| F|  |TAMS 0x0000000086e00000, 0x0000000086e00000| Untracked 
|  71|0x0000000086f00000, 0x0000000086f00000, 0x0000000087000000|  0%| F|  |TAMS 0x0000000086f00000, 0x0000000086f00000| Untracked 
|  72|0x0000000087000000, 0x0000000087000000, 0x0000000087100000|  0%| F|  |TAMS 0x0000000087000000, 0x0000000087000000| Untracked 
|  73|0x0000000087100000, 0x0000000087100000, 0x0000000087200000|  0%| F|  |TAMS 0x0000000087100000, 0x0000000087100000| Untracked 
|  74|0x0000000087200000, 0x0000000087200000, 0x0000000087300000|  0%| F|  |TAMS 0x0000000087200000, 0x0000000087200000| Untracked 
|  75|0x0000000087300000, 0x0000000087300000, 0x0000000087400000|  0%| F|  |TAMS 0x0000000087300000, 0x0000000087300000| Untracked 
|  76|0x0000000087400000, 0x0000000087400000, 0x0000000087500000|  0%| F|  |TAMS 0x0000000087400000, 0x0000000087400000| Untracked 
|  77|0x0000000087500000, 0x0000000087500000, 0x0000000087600000|  0%| F|  |TAMS 0x0000000087500000, 0x0000000087500000| Untracked 
|  78|0x0000000087600000, 0x0000000087600000, 0x0000000087700000|  0%| F|  |TAMS 0x0000000087600000, 0x0000000087600000| Untracked 
|  79|0x0000000087700000, 0x0000000087700000, 0x0000000087800000|  0%| F|  |TAMS 0x0000000087700000, 0x0000000087700000| Untracked 
|  80|0x0000000087800000, 0x0000000087800000, 0x0000000087900000|  0%| F|  |TAMS 0x0000000087800000, 0x0000000087800000| Untracked 
|  81|0x0000000087900000, 0x0000000087900000, 0x0000000087a00000|  0%| F|  |TAMS 0x0000000087900000, 0x0000000087900000| Untracked 
|  82|0x0000000087a00000, 0x0000000087a00000, 0x0000000087b00000|  0%| F|  |TAMS 0x0000000087a00000, 0x0000000087a00000| Untracked 
|  83|0x0000000087b00000, 0x0000000087b00000, 0x0000000087c00000|  0%| F|  |TAMS 0x0000000087b00000, 0x0000000087b00000| Untracked 
|  84|0x0000000087c00000, 0x0000000087c00000, 0x0000000087d00000|  0%| F|  |TAMS 0x0000000087c00000, 0x0000000087c00000| Untracked 
|  85|0x0000000087d00000, 0x0000000087d00000, 0x0000000087e00000|  0%| F|  |TAMS 0x0000000087d00000, 0x0000000087d00000| Untracked 
|  86|0x0000000087e00000, 0x0000000087e00000, 0x0000000087f00000|  0%| F|  |TAMS 0x0000000087e00000, 0x0000000087e00000| Untracked 
|  87|0x0000000087f00000, 0x0000000087f00000, 0x0000000088000000|  0%| F|  |TAMS 0x0000000087f00000, 0x0000000087f00000| Untracked 
|  88|0x0000000088000000, 0x0000000088000000, 0x0000000088100000|  0%| F|  |TAMS 0x0000000088000000, 0x0000000088000000| Untracked 
|  89|0x0000000088100000, 0x0000000088100000, 0x0000000088200000|  0%| F|  |TAMS 0x0000000088100000, 0x0000000088100000| Untracked 
|  90|0x0000000088200000, 0x0000000088200000, 0x0000000088300000|  0%| F|  |TAMS 0x0000000088200000, 0x0000000088200000| Untracked 
|  91|0x0000000088300000, 0x0000000088300000, 0x0000000088400000|  0%| F|  |TAMS 0x0000000088300000, 0x0000000088300000| Untracked 
|  92|0x0000000088400000, 0x0000000088400000, 0x0000000088500000|  0%| F|  |TAMS 0x0000000088400000, 0x0000000088400000| Untracked 
|  93|0x0000000088500000, 0x0000000088500000, 0x0000000088600000|  0%| F|  |TAMS 0x0000000088500000, 0x0000000088500000| Untracked 
|  94|0x0000000088600000, 0x0000000088600000, 0x0000000088700000|  0%| F|  |TAMS 0x0000000088600000, 0x0000000088600000| Untracked 
|  95|0x0000000088700000, 0x0000000088700000, 0x0000000088800000|  0%| F|  |TAMS 0x0000000088700000, 0x0000000088700000| Untracked 
|  96|0x0000000088800000, 0x0000000088800000, 0x0000000088900000|  0%| F|  |TAMS 0x0000000088800000, 0x0000000088800000| Untracked 
|  97|0x0000000088900000, 0x0000000088900000, 0x0000000088a00000|  0%| F|  |TAMS 0x0000000088900000, 0x0000000088900000| Untracked 
|  98|0x0000000088a00000, 0x0000000088a00000, 0x0000000088b00000|  0%| F|  |TAMS 0x0000000088a00000, 0x0000000088a00000| Untracked 
|  99|0x0000000088b00000, 0x0000000088b00000, 0x0000000088c00000|  0%| F|  |TAMS 0x0000000088b00000, 0x0000000088b00000| Untracked 
| 100|0x0000000088c00000, 0x0000000088c00000, 0x0000000088d00000|  0%| F|  |TAMS 0x0000000088c00000, 0x0000000088c00000| Untracked 
| 101|0x0000000088d00000, 0x0000000088d00000, 0x0000000088e00000|  0%| F|  |TAMS 0x0000000088d00000, 0x0000000088d00000| Untracked 
| 102|0x0000000088e00000, 0x0000000088e00000, 0x0000000088f00000|  0%| F|  |TAMS 0x0000000088e00000, 0x0000000088e00000| Untracked 
| 103|0x0000000088f00000, 0x0000000088f00000, 0x0000000089000000|  0%| F|  |TAMS 0x0000000088f00000, 0x0000000088f00000| Untracked 
| 104|0x0000000089000000, 0x0000000089000000, 0x0000000089100000|  0%| F|  |TAMS 0x0000000089000000, 0x0000000089000000| Untracked 
| 105|0x0000000089100000, 0x0000000089100000, 0x0000000089200000|  0%| F|  |TAMS 0x0000000089100000, 0x0000000089100000| Untracked 
| 106|0x0000000089200000, 0x0000000089200000, 0x0000000089300000|  0%| F|  |TAMS 0x0000000089200000, 0x0000000089200000| Untracked 
| 107|0x0000000089300000, 0x0000000089300000, 0x0000000089400000|  0%| F|  |TAMS 0x0000000089300000, 0x0000000089300000| Untracked 
| 108|0x0000000089400000, 0x0000000089400000, 0x0000000089500000|  0%| F|  |TAMS 0x0000000089400000, 0x0000000089400000| Untracked 
| 109|0x0000000089500000, 0x0000000089500000, 0x0000000089600000|  0%| F|  |TAMS 0x0000000089500000, 0x0000000089500000| Untracked 
| 110|0x0000000089600000, 0x0000000089600000, 0x0000000089700000|  0%| F|  |TAMS 0x0000000089600000, 0x0000000089600000| Untracked 
| 111|0x0000000089700000, 0x0000000089700000, 0x0000000089800000|  0%| F|  |TAMS 0x0000000089700000, 0x0000000089700000| Untracked 
| 112|0x0000000089800000, 0x0000000089800000, 0x0000000089900000|  0%| F|  |TAMS 0x0000000089800000, 0x0000000089800000| Untracked 
| 113|0x0000000089900000, 0x0000000089900000, 0x0000000089a00000|  0%| F|  |TAMS 0x0000000089900000, 0x0000000089900000| Untracked 
| 114|0x0000000089a00000, 0x0000000089a00000, 0x0000000089b00000|  0%| F|  |TAMS 0x0000000089a00000, 0x0000000089a00000| Untracked 
| 115|0x0000000089b00000, 0x0000000089b00000, 0x0000000089c00000|  0%| F|  |TAMS 0x0000000089b00000, 0x0000000089b00000| Untracked 
| 116|0x0000000089c00000, 0x0000000089c00000, 0x0000000089d00000|  0%| F|  |TAMS 0x0000000089c00000, 0x0000000089c00000| Untracked 
| 117|0x0000000089d00000, 0x0000000089d80828, 0x0000000089e00000| 50%| E|  |TAMS 0x0000000089d00000, 0x0000000089d00000| Complete 
| 118|0x0000000089e00000, 0x0000000089f00000, 0x0000000089f00000|100%| E|CS|TAMS 0x0000000089e00000, 0x0000000089e00000| Complete 
| 119|0x0000000089f00000, 0x000000008a000000, 0x000000008a000000|100%| E|CS|TAMS 0x0000000089f00000, 0x0000000089f00000| Complete 
| 120|0x000000008a000000, 0x000000008a100000, 0x000000008a100000|100%| E|CS|TAMS 0x000000008a000000, 0x000000008a000000| Complete 
| 121|0x000000008a100000, 0x000000008a200000, 0x000000008a200000|100%| E|CS|TAMS 0x000000008a100000, 0x000000008a100000| Complete 
| 122|0x000000008a200000, 0x000000008a300000, 0x000000008a300000|100%| E|CS|TAMS 0x000000008a200000, 0x000000008a200000| Complete 
| 123|0x000000008a300000, 0x000000008a400000, 0x000000008a400000|100%| E|CS|TAMS 0x000000008a300000, 0x000000008a300000| Complete 
| 124|0x000000008a400000, 0x000000008a500000, 0x000000008a500000|100%| E|CS|TAMS 0x000000008a400000, 0x000000008a400000| Complete 
| 125|0x000000008a500000, 0x000000008a600000, 0x000000008a600000|100%| E|CS|TAMS 0x000000008a500000, 0x000000008a500000| Complete 
| 126|0x000000008a600000, 0x000000008a700000, 0x000000008a700000|100%| E|CS|TAMS 0x000000008a600000, 0x000000008a600000| Complete 
| 127|0x000000008a700000, 0x000000008a800000, 0x000000008a800000|100%| E|CS|TAMS 0x000000008a700000, 0x000000008a700000| Complete 
| 128|0x000000008a800000, 0x000000008a900000, 0x000000008a900000|100%| E|CS|TAMS 0x000000008a800000, 0x000000008a800000| Complete 
| 129|0x000000008a900000, 0x000000008aa00000, 0x000000008aa00000|100%| E|CS|TAMS 0x000000008a900000, 0x000000008a900000| Complete 
| 130|0x000000008aa00000, 0x000000008ab00000, 0x000000008ab00000|100%| E|CS|TAMS 0x000000008aa00000, 0x000000008aa00000| Complete 
| 131|0x000000008ab00000, 0x000000008ac00000, 0x000000008ac00000|100%| E|CS|TAMS 0x000000008ab00000, 0x000000008ab00000| Complete 
| 132|0x000000008ac00000, 0x000000008ad00000, 0x000000008ad00000|100%| E|CS|TAMS 0x000000008ac00000, 0x000000008ac00000| Complete 
| 133|0x000000008ad00000, 0x000000008ae00000, 0x000000008ae00000|100%| E|CS|TAMS 0x000000008ad00000, 0x000000008ad00000| Complete 
| 134|0x000000008ae00000, 0x000000008af00000, 0x000000008af00000|100%| E|CS|TAMS 0x000000008ae00000, 0x000000008ae00000| Complete 
| 135|0x000000008af00000, 0x000000008b000000, 0x000000008b000000|100%| E|CS|TAMS 0x000000008af00000, 0x000000008af00000| Complete 
| 136|0x000000008b000000, 0x000000008b100000, 0x000000008b100000|100%| E|CS|TAMS 0x000000008b000000, 0x000000008b000000| Complete 
| 137|0x000000008b100000, 0x000000008b200000, 0x000000008b200000|100%| E|CS|TAMS 0x000000008b100000, 0x000000008b100000| Complete 
| 138|0x000000008b200000, 0x000000008b300000, 0x000000008b300000|100%| E|CS|TAMS 0x000000008b200000, 0x000000008b200000| Complete 
| 139|0x000000008b300000, 0x000000008b400000, 0x000000008b400000|100%| E|CS|TAMS 0x000000008b300000, 0x000000008b300000| Complete 
| 140|0x000000008b400000, 0x000000008b500000, 0x000000008b500000|100%| E|CS|TAMS 0x000000008b400000, 0x000000008b400000| Complete 
| 141|0x000000008b500000, 0x000000008b600000, 0x000000008b600000|100%| E|CS|TAMS 0x000000008b500000, 0x000000008b500000| Complete 
| 142|0x000000008b600000, 0x000000008b700000, 0x000000008b700000|100%| E|CS|TAMS 0x000000008b600000, 0x000000008b600000| Complete 
| 143|0x000000008b700000, 0x000000008b800000, 0x000000008b800000|100%| E|CS|TAMS 0x000000008b700000, 0x000000008b700000| Complete 
| 144|0x000000008b800000, 0x000000008b900000, 0x000000008b900000|100%| E|CS|TAMS 0x000000008b800000, 0x000000008b800000| Complete 
| 145|0x000000008b900000, 0x000000008ba00000, 0x000000008ba00000|100%| E|CS|TAMS 0x000000008b900000, 0x000000008b900000| Complete 
| 146|0x000000008ba00000, 0x000000008bb00000, 0x000000008bb00000|100%| E|CS|TAMS 0x000000008ba00000, 0x000000008ba00000| Complete 
| 147|0x000000008bb00000, 0x000000008bc00000, 0x000000008bc00000|100%| E|CS|TAMS 0x000000008bb00000, 0x000000008bb00000| Complete 
| 148|0x000000008bc00000, 0x000000008bd00000, 0x000000008bd00000|100%| E|CS|TAMS 0x000000008bc00000, 0x000000008bc00000| Complete 
| 149|0x000000008bd00000, 0x000000008be00000, 0x000000008be00000|100%| E|CS|TAMS 0x000000008bd00000, 0x000000008bd00000| Complete 
| 150|0x000000008be00000, 0x000000008bf00000, 0x000000008bf00000|100%| E|CS|TAMS 0x000000008be00000, 0x000000008be00000| Complete 
| 151|0x000000008bf00000, 0x000000008c000000, 0x000000008c000000|100%| E|CS|TAMS 0x000000008bf00000, 0x000000008bf00000| Complete 

Card table byte_map: [0x00000235fe9b0000,0x00000235feda0000] _byte_map_base: 0x00000235fe59c000

Marking Bits (Prev, Next): (CMBitMap*) 0x00000235e6fc1868, (CMBitMap*) 0x00000235e6fc18a0
 Prev Bits: [0x0000023580000000, 0x0000023581f60000)
 Next Bits: [0x0000023581f60000, 0x0000023583ec0000)

Polling page: 0x00000235e6660000

Metaspace:

Usage:
  Non-class:     38.09 MB capacity,    37.20 MB ( 98%) used,   735.58 KB (  2%) free+waste,   175.38 KB ( <1%) overhead. 
      Class:      5.63 MB capacity,     5.05 MB ( 90%) used,   506.57 KB (  9%) free+waste,    85.31 KB (  1%) overhead. 
       Both:     43.71 MB capacity,    42.25 MB ( 97%) used,     1.21 MB (  3%) free+waste,   260.69 KB ( <1%) overhead. 

Virtual space:
  Non-class space:       40.00 MB reserved,      38.25 MB ( 96%) committed 
      Class space:        1.00 GB reserved,       5.70 MB ( <1%) committed 
             Both:        1.04 GB reserved,      43.95 MB (  4%) committed 

Chunk freelists:
   Non-Class:  4.88 KB
       Class:  0 bytes
        Both:  4.88 KB

CodeHeap 'non-profiled nmethods': size=120000Kb used=2778Kb max_used=2778Kb free=117221Kb
 bounds [0x00000235f6d60000, 0x00000235f7020000, 0x00000235fe290000]
CodeHeap 'profiled nmethods': size=120000Kb used=9826Kb max_used=10005Kb free=110173Kb
 bounds [0x00000235ef830000, 0x00000235f0200000, 0x00000235f6d60000]
CodeHeap 'non-nmethods': size=5760Kb used=1183Kb max_used=1218Kb free=4576Kb
 bounds [0x00000235ef290000, 0x00000235ef500000, 0x00000235ef830000]
 total_blobs=6073 nmethods=4300 adapters=445
 compilation: enabled
              stopped_count=0, restarted_count=0
 full_count=0

Compilation events (10 events):
Event: 217364.251 Thread 0x00000235ffc1c800 4414       3       java.util.concurrent.FutureTask::isDone (13 bytes)
Event: 217364.251 Thread 0x00000235ffc1c800 nmethod 4414 0x00000235ef83f490 code [0x00000235ef83f640, 0x00000235ef83f7f8]
Event: 217384.355 Thread 0x00000235ffc1c800 4415       3       org.apache.catalina.webresources.Cache::evict (79 bytes)
Event: 217384.357 Thread 0x00000235ffc1c800 nmethod 4415 0x00000235ef845410 code [0x00000235ef845660, 0x00000235ef846020]
Event: 217384.357 Thread 0x00000235ffc1c800 4416       3       org.apache.catalina.core.DefaultInstanceManager::backgroundProcess (8 bytes)
Event: 217384.358 Thread 0x00000235ffc1c800 nmethod 4416 0x00000235ef844010 code [0x00000235ef8441e0, 0x00000235ef844390]
Event: 217384.358 Thread 0x00000235ffc1c800 4417       3       org.apache.tomcat.util.collections.ManagedConcurrentWeakHashMap::maintain (44 bytes)
Event: 217384.362 Thread 0x00000235ffc1c800 nmethod 4417 0x00000235ef84ae90 code [0x00000235ef84b0a0, 0x00000235ef84b8c0]
Event: 217384.362 Thread 0x00000235ffc1c800 4418       3       org.apache.catalina.core.StandardWrapper::backgroundProcess (38 bytes)
Event: 217384.362 Thread 0x00000235ffc1c800 nmethod 4418 0x00000235ef847d10 code [0x00000235ef847f00, 0x00000235ef848500]

GC Heap History (10 events):
Event: 1.276 GC heap before
{Heap before GC invocations=1 (full 0):
 garbage-first heap   total 129024K, used 42222K [0x0000000082800000, 0x0000000100000000)
  region size 1024K, 41 young (41984K), 3 survivors (3072K)
 Metaspace       used 20656K, capacity 21124K, committed 21248K, reserved 1069056K
  class space    used 2223K, capacity 2438K, committed 2560K, reserved 1048576K
}
Event: 1.282 GC heap after
{Heap after GC invocations=2 (full 0):
 garbage-first heap   total 129024K, used 6338K [0x0000000082800000, 0x0000000100000000)
  region size 1024K, 5 young (5120K), 5 survivors (5120K)
 Metaspace       used 20656K, capacity 21124K, committed 21248K, reserved 1069056K
  class space    used 2223K, capacity 2438K, committed 2560K, reserved 1048576K
}
Event: 1.834 GC heap before
{Heap before GC invocations=3 (full 0):
 garbage-first heap   total 129024K, used 44226K [0x0000000082800000, 0x0000000100000000)
  region size 1024K, 43 young (44032K), 5 survivors (5120K)
 Metaspace       used 25645K, capacity 26279K, committed 26496K, reserved 1073152K
  class space    used 2870K, capacity 3133K, committed 3200K, reserved 1048576K
}
Event: 1.840 GC heap after
{Heap after GC invocations=4 (full 0):
 garbage-first heap   total 129024K, used 8440K [0x0000000082800000, 0x0000000100000000)
  region size 1024K, 5 young (5120K), 5 survivors (5120K)
 Metaspace       used 25645K, capacity 26279K, committed 26496K, reserved 1073152K
  class space    used 2870K, capacity 3133K, committed 3200K, reserved 1048576K
}
Event: 2.857 GC heap before
{Heap before GC invocations=4 (full 0):
 garbage-first heap   total 129024K, used 62712K [0x0000000082800000, 0x0000000100000000)
  region size 1024K, 58 young (59392K), 5 survivors (5120K)
 Metaspace       used 32190K, capacity 33081K, committed 33408K, reserved 1079296K
  class space    used 3741K, capacity 4103K, committed 4224K, reserved 1048576K
}
Event: 2.863 GC heap after
{Heap after GC invocations=5 (full 0):
 garbage-first heap   total 129024K, used 10999K [0x0000000082800000, 0x0000000100000000)
  region size 1024K, 7 young (7168K), 7 survivors (7168K)
 Metaspace       used 32190K, capacity 33081K, committed 33408K, reserved 1079296K
  class space    used 3741K, capacity 4103K, committed 4224K, reserved 1048576K
}
Event: 3.116 GC heap before
{Heap before GC invocations=5 (full 0):
 garbage-first heap   total 129024K, used 28407K [0x0000000082800000, 0x0000000100000000)
  region size 1024K, 25 young (25600K), 7 survivors (7168K)
 Metaspace       used 34846K, capacity 35794K, committed 35840K, reserved 1081344K
  class space    used 4049K, capacity 4453K, committed 4480K, reserved 1048576K
}
Event: 3.128 GC heap after
{Heap after GC invocations=6 (full 0):
 garbage-first heap   total 155648K, used 12218K [0x0000000082800000, 0x0000000100000000)
  region size 1024K, 6 young (6144K), 6 survivors (6144K)
 Metaspace       used 34846K, capacity 35794K, committed 35840K, reserved 1081344K
  class space    used 4049K, capacity 4453K, committed 4480K, reserved 1048576K
}
Event: 2764.081 GC heap before
{Heap before GC invocations=7 (full 0):
 garbage-first heap   total 155648K, used 98234K [0x0000000082800000, 0x0000000100000000)
  region size 1024K, 90 young (92160K), 6 survivors (6144K)
 Metaspace       used 42975K, capacity 44416K, committed 44748K, reserved 1087488K
  class space    used 5128K, capacity 5731K, committed 5836K, reserved 1048576K
}
Event: 2764.095 GC heap after
{Heap after GC invocations=8 (full 0):
 garbage-first heap   total 155648K, used 15290K [0x0000000082800000, 0x0000000100000000)
  region size 1024K, 9 young (9216K), 9 survivors (9216K)
 Metaspace       used 42975K, capacity 44416K, committed 44748K, reserved 1087488K
  class space    used 5128K, capacity 5731K, committed 5836K, reserved 1048576K
}

Deoptimization events (10 events):
Event: 2764.150 Thread 0x0000023586b42800 Uncommon trap: reason=bimorphic_or_optimized_type_check action=maybe_recompile pc=0x00000235f6fe9360 method=java.util.AbstractSet.equals(Ljava/lang/Object;)Z @ 22 c2
Event: 2764.150 Thread 0x0000023586b42800 Uncommon trap: reason=bimorphic_or_optimized_type_check action=maybe_recompile pc=0x00000235f6fe51c0 method=java.util.AbstractCollection.containsAll(Ljava/util/Collection;)Z @ 1 c2
Event: 2764.163 Thread 0x0000023586b42800 Uncommon trap: reason=unstable_if action=reinterpret pc=0x00000235f6fe8dfc method=java.util.concurrent.TimeUnit.toNanos(J)J @ 8 c2
Event: 12169.856 Thread 0x0000023589729000 Uncommon trap: reason=profile_predicate action=maybe_recompile pc=0x00000235f700c660 method=java.util.concurrent.ConcurrentHashMap$Traverser.advance()Ljava/util/concurrent/ConcurrentHashMap$Node; @ 15 c2
Event: 12170.866 Thread 0x0000023589729000 Uncommon trap: reason=profile_predicate action=maybe_recompile pc=0x00000235f700c660 method=java.util.concurrent.ConcurrentHashMap$Traverser.advance()Ljava/util/concurrent/ConcurrentHashMap$Node; @ 15 c2
Event: 217244.222 Thread 0x0000023589729000 Uncommon trap: reason=profile_predicate action=maybe_recompile pc=0x00000235f700c660 method=java.util.concurrent.ConcurrentHashMap$Traverser.advance()Ljava/util/concurrent/ConcurrentHashMap$Node; @ 15 c2
Event: 217244.223 Thread 0x0000023589729000 Uncommon trap: reason=profile_predicate action=maybe_recompile pc=0x00000235f700c660 method=java.util.concurrent.ConcurrentHashMap$Traverser.advance()Ljava/util/concurrent/ConcurrentHashMap$Node; @ 15 c2
Event: 217244.223 Thread 0x0000023589729000 Uncommon trap: reason=profile_predicate action=maybe_recompile pc=0x00000235f700b450 method=java.util.concurrent.ConcurrentHashMap$Traverser.advance()Ljava/util/concurrent/ConcurrentHashMap$Node; @ 15 c2
Event: 217244.861 Thread 0x0000023589729000 Uncommon trap: reason=unstable_if action=reinterpret pc=0x00000235f7009040 method=java.util.concurrent.locks.AbstractQueuedSynchronizer.transferForSignal(Ljava/util/concurrent/locks/AbstractQueuedSynchronizer$Node;)Z @ 7 c2
Event: 217520.595 Thread 0x0000023589f55800 Uncommon trap: reason=unstable_if action=reinterpret pc=0x00000235f6fe0f88 method=java.io.File.listFiles()[Ljava/io/File; @ 6 c2

Classes redefined (0 events):
No events

Internal exceptions (10 events):
Event: 3.912 Thread 0x0000023587126000 Exception <a 'java/lang/NoSuchMethodError'{0x00000000898f9eb8}: java.lang.invoke.DirectMethodHandle$Holder.invokeStatic(Ljava/lang/Object;Ljava/lang/Object;Ljava/lang/Object;Ljava/lang/Object;Ljava/lang/Object;Ljava/lang/Object;Ljava/lang/Object;Ljava/lan
Event: 3.930 Thread 0x0000023587126000 Implicit null exception at 0x00000235f6e8e859 to 0x00000235f6e8ea56
Event: 17.157 Thread 0x000002358b159000 Exception <a 'java/lang/NoSuchMethodError'{0x00000000886bfcd0}: java.lang.invoke.Invokers$Holder.linkToTargetMethod(Ljava/lang/Object;Ljava/lang/Object;Ljava/lang/Object;Ljava/lang/Object;Ljava/lang/Object;Ljava/lang/Object;Ljava/lang/Object;)Ljava/lang/O
Event: 2764.159 Thread 0x0000023586b42800 Exception <a 'java/lang/NoSuchMethodError'{0x000000008bea8d10}: java.lang.invoke.DirectMethodHandle$Holder.invokeStatic(Ljava/lang/Object;JJ)J> (0x000000008bea8d10) thrown at [t:/workspace/open/src/hotspot/share/interpreter/linkResolver.cpp, line 772]
Event: 12169.856 Thread 0x0000023589729000 Implicit null exception at 0x00000235f700c3cb to 0x00000235f700c642
Event: 12170.866 Thread 0x0000023589729000 Implicit null exception at 0x00000235f700c3cb to 0x00000235f700c642
Event: 217244.222 Thread 0x0000023589729000 Implicit null exception at 0x00000235f700c3cb to 0x00000235f700c642
Event: 217244.223 Thread 0x0000023589729000 Implicit null exception at 0x00000235f700c3cb to 0x00000235f700c642
Event: 217244.223 Thread 0x0000023589729000 Implicit null exception at 0x00000235f700b233 to 0x00000235f700b43e
Event: 217520.582 Thread 0x0000023589f55800 Implicit null exception at 0x00000235f6fdb347 to 0x00000235f6fe0f66

Events (10 events):
Event: 217244.223 Thread 0x0000023589729000 Uncommon trap: trap_request=0xffffffbe fr.pc=0x00000235f700b450 relative=0x0000000000000290
Event: 217244.223 Thread 0x0000023589729000 DEOPT PACKING pc=0x00000235f700b450 sp=0x00000064643ff270
Event: 217244.223 Thread 0x0000023589729000 DEOPT UNPACKING pc=0x00000235ef2b8f2f sp=0x00000064643fefd0 mode 2
Event: 217244.459 Thread 0x0000023589729000 DEOPT PACKING pc=0x00000235ef866fa2 sp=0x00000064643ff340
Event: 217244.459 Thread 0x0000023589729000 DEOPT UNPACKING pc=0x00000235ef2b8d4e sp=0x00000064643fe898 mode 0
Event: 217244.861 Thread 0x0000023589729000 Uncommon trap: trap_request=0xffffff4d fr.pc=0x00000235f7009040 relative=0x0000000000001400
Event: 217244.861 Thread 0x0000023589729000 DEOPT PACKING pc=0x00000235f7009040 sp=0x00000064643ff350
Event: 217244.861 Thread 0x0000023589729000 DEOPT UNPACKING pc=0x00000235ef2b8f2f sp=0x00000064643ff0d0 mode 2
Event: 217520.590 Thread 0x0000023589f55800 Uncommon trap: trap_request=0xffffff4d fr.pc=0x00000235f6fe0f88 relative=0x0000000000005e88
Event: 217520.596 Thread 0x0000023589f55800 DEOPT PACKING pc=0x00000235f6fe0f88 sp=0x00000064645feb90


Dynamic libraries:
0x00007ff6833c0000 - 0x00007ff683405000 	C:\Program Files\Java\jdk-11\bin\java.exe
0x00007ffeedf80000 - 0x00007ffeee189000 	C:\WINDOWS\SYSTEM32\ntdll.dll
0x00007ffeec130000 - 0x00007ffeec1ed000 	C:\WINDOWS\System32\KERNEL32.DLL
0x00007ffeeb680000 - 0x00007ffeeb9f9000 	C:\WINDOWS\System32\KERNELBASE.dll
0x00007ffeed070000 - 0x00007ffeed21c000 	C:\WINDOWS\System32\USER32.dll
0x00007ffeeb470000 - 0x00007ffeeb496000 	C:\WINDOWS\System32\win32u.dll
0x00007ffeecc30000 - 0x00007ffeecc59000 	C:\WINDOWS\System32\GDI32.dll
0x00007ffeeb4a0000 - 0x00007ffeeb5b2000 	C:\WINDOWS\System32\gdi32full.dll
0x00007ffeeba80000 - 0x00007ffeebb1d000 	C:\WINDOWS\System32\msvcp_win.dll
0x00007ffeebc90000 - 0x00007ffeebda1000 	C:\WINDOWS\System32\ucrtbase.dll
0x00007ffec4840000 - 0x00007ffec4ae5000 	C:\WINDOWS\WinSxS\amd64_microsoft.windows.common-controls_6595b64144ccf1df_6.0.22000.120_none_9d947278b86cc467\COMCTL32.dll
0x00007ffeebf50000 - 0x00007ffeebff3000 	C:\WINDOWS\System32\msvcrt.dll
0x00007ffeec1f0000 - 0x00007ffeec221000 	C:\WINDOWS\System32\IMM32.DLL
0x00007ffedfcd0000 - 0x00007ffedfce6000 	C:\Program Files\Java\jdk-11\bin\vcruntime140.dll
0x00007ffeb2a00000 - 0x00007ffeb2aaa000 	C:\Program Files\Java\jdk-11\bin\msvcp140.dll
0x00007ffe79a20000 - 0x00007ffe7a561000 	C:\Program Files\Java\jdk-11\bin\server\jvm.dll
0x00007ffeede90000 - 0x00007ffeedf3e000 	C:\WINDOWS\System32\ADVAPI32.dll
0x00007ffeebea0000 - 0x00007ffeebf3e000 	C:\WINDOWS\System32\sechost.dll
0x00007ffeeca90000 - 0x00007ffeecbb0000 	C:\WINDOWS\System32\RPCRT4.dll
0x00007ffeec120000 - 0x00007ffeec128000 	C:\WINDOWS\System32\PSAPI.DLL
0x00007ffee00e0000 - 0x00007ffee00ea000 	C:\WINDOWS\SYSTEM32\VERSION.dll
0x00007ffecca20000 - 0x00007ffecca29000 	C:\WINDOWS\SYSTEM32\WSOCK32.dll
0x00007ffee1460000 - 0x00007ffee1493000 	C:\WINDOWS\SYSTEM32\WINMM.dll
0x00007ffeebe30000 - 0x00007ffeebe9f000 	C:\WINDOWS\System32\WS2_32.dll
0x00007ffeea570000 - 0x00007ffeea588000 	C:\WINDOWS\SYSTEM32\kernel.appcore.dll
0x00007ffed4870000 - 0x00007ffed4881000 	C:\Program Files\Java\jdk-11\bin\verify.dll
0x00007ffee5ab0000 - 0x00007ffee5cd1000 	C:\WINDOWS\SYSTEM32\DBGHELP.DLL
0x00007ffecb2e0000 - 0x00007ffecb311000 	C:\WINDOWS\SYSTEM32\dbgcore.DLL
0x00007ffeeba00000 - 0x00007ffeeba7f000 	C:\WINDOWS\System32\bcryptPrimitives.dll
0x00007ffecf9c0000 - 0x00007ffecf9e8000 	C:\Program Files\Java\jdk-11\bin\java.dll
0x00007ffecf990000 - 0x00007ffecf9bf000 	C:\Program Files\Java\jdk-11\bin\instrument.dll
0x00007ffecfb60000 - 0x00007ffecfb76000 	C:\Program Files\Java\jdk-11\bin\zip.dll
0x00007ffee2d30000 - 0x00007ffee2d3a000 	C:\Program Files\Java\jdk-11\bin\jimage.dll
0x00007ffeec250000 - 0x00007ffeec9ff000 	C:\WINDOWS\System32\SHELL32.dll
0x00007ffee95e0000 - 0x00007ffee9e48000 	C:\WINDOWS\SYSTEM32\windows.storage.dll
0x00007ffeedab0000 - 0x00007ffeede28000 	C:\WINDOWS\System32\combase.dll
0x00007ffee9470000 - 0x00007ffee95d6000 	C:\WINDOWS\SYSTEM32\wintypes.dll
0x00007ffeed440000 - 0x00007ffeed52a000 	C:\WINDOWS\System32\SHCORE.dll
0x00007ffeed3e0000 - 0x00007ffeed43d000 	C:\WINDOWS\System32\shlwapi.dll
0x00007ffeeb3a0000 - 0x00007ffeeb3c1000 	C:\WINDOWS\SYSTEM32\profapi.dll
0x00007ffecf900000 - 0x00007ffecf919000 	C:\Program Files\Java\jdk-11\bin\net.dll
0x00007ffee1f60000 - 0x00007ffee206c000 	C:\WINDOWS\SYSTEM32\WINHTTP.dll
0x00007ffeea9a0000 - 0x00007ffeeaa07000 	C:\WINDOWS\system32\mswsock.dll
0x00007ffecf8e0000 - 0x00007ffecf8f3000 	C:\Program Files\Java\jdk-11\bin\nio.dll
0x00007ffecb850000 - 0x00007ffecb86a000 	C:\Program Files\JetBrains\IntelliJ IDEA Community Edition 2020.1.3\bin\breakgen64.dll
0x00007ffee2d00000 - 0x00007ffee2d09000 	C:\Program Files\Java\jdk-11\bin\management.dll
0x00007ffee2410000 - 0x00007ffee241c000 	C:\Program Files\Java\jdk-11\bin\management_ext.dll
0x00007ffec5ef0000 - 0x00007ffec5f07000 	C:\WINDOWS\system32\napinsp.dll
0x00007ffec5460000 - 0x00007ffec547b000 	C:\WINDOWS\system32\pnrpnsp.dll
0x00007ffeea0d0000 - 0x00007ffeea1b8000 	C:\WINDOWS\SYSTEM32\DNSAPI.dll
0x00007ffeea0a0000 - 0x00007ffeea0cd000 	C:\WINDOWS\SYSTEM32\IPHLPAPI.DLL
0x00007ffeecec0000 - 0x00007ffeecec9000 	C:\WINDOWS\System32\NSI.dll
0x00007ffec7730000 - 0x00007ffec7742000 	C:\WINDOWS\System32\winrnr.dll
0x00007ffec5bd0000 - 0x00007ffec5be5000 	C:\WINDOWS\system32\wshbth.dll
0x00007ffec5bb0000 - 0x00007ffec5bcf000 	C:\WINDOWS\system32\nlansp_c.dll
0x00007ffed3860000 - 0x00007ffed386a000 	C:\Windows\System32\rasadhlp.dll
0x00007ffedf180000 - 0x00007ffedf201000 	C:\WINDOWS\System32\fwpuclnt.dll
0x00007ffeeabe0000 - 0x00007ffeeabf8000 	C:\WINDOWS\SYSTEM32\CRYPTSP.dll
0x00007ffeea4d0000 - 0x00007ffeea505000 	C:\WINDOWS\system32\rsaenh.dll
0x00007ffeeaa90000 - 0x00007ffeeaab9000 	C:\WINDOWS\SYSTEM32\USERENV.dll
0x00007ffeead60000 - 0x00007ffeead87000 	C:\WINDOWS\SYSTEM32\bcrypt.dll
0x00007ffeeac00000 - 0x00007ffeeac0c000 	C:\WINDOWS\SYSTEM32\CRYPTBASE.dll
0x00007ffee2070000 - 0x00007ffee2089000 	C:\WINDOWS\SYSTEM32\dhcpcsvc6.DLL
0x00007ffee2450000 - 0x00007ffee246e000 	C:\WINDOWS\SYSTEM32\dhcpcsvc.DLL
0x00007ffec90b0000 - 0x00007ffec90d7000 	C:\Program Files\Java\jdk-11\bin\sunec.dll
0x00007ffee1f30000 - 0x00007ffee1f3d000 	C:\Program Files\Java\jdk-11\bin\sunmscapi.dll
0x00007ffeebb20000 - 0x00007ffeebc82000 	C:\WINDOWS\System32\CRYPT32.dll
0x00007ffeead30000 - 0x00007ffeead58000 	C:\WINDOWS\SYSTEM32\ncrypt.dll
0x00007ffeeacf0000 - 0x00007ffeead27000 	C:\WINDOWS\SYSTEM32\NTASN1.dll

dbghelp: loaded successfully - version: 4.0.5 - missing functions: none
symbol engine: initialized successfully - sym options: 0x614 - pdb path: .;C:\Program Files\Java\jdk-11\bin;C:\WINDOWS\SYSTEM32;C:\WINDOWS\WinSxS\amd64_microsoft.windows.common-controls_6595b64144ccf1df_6.0.22000.120_none_9d947278b86cc467;C:\Program Files\Java\jdk-11\bin\server;C:\Program Files\JetBrains\IntelliJ IDEA Community Edition 2020.1.3\bin

VM Arguments:
jvm_args: -javaagent:C:\Program Files\JetBrains\IntelliJ IDEA Community Edition 2020.1.3\lib\idea_rt.jar=57553:C:\Program Files\JetBrains\IntelliJ IDEA Community Edition 2020.1.3\bin -Dfile.encoding=UTF-8 
java_command: com.springframework.brewery.BreweryApplication
java_class_path (initial): C:\Users\sonam\Microservice\brewery\target\classes;C:\Users\sonam\.m2\repository\org\springframework\boot\spring-boot-starter-actuator\2.7.1\spring-boot-starter-actuator-2.7.1.jar;C:\Users\sonam\.m2\repository\org\springframework\boot\spring-boot-starter\2.7.1\spring-boot-starter-2.7.1.jar;C:\Users\sonam\.m2\repository\org\springframework\boot\spring-boot-starter-logging\2.7.1\spring-boot-starter-logging-2.7.1.jar;C:\Users\sonam\.m2\repository\ch\qos\logback\logback-classic\1.2.11\logback-classic-1.2.11.jar;C:\Users\sonam\.m2\repository\ch\qos\logback\logback-core\1.2.11\logback-core-1.2.11.jar;C:\Users\sonam\.m2\repository\org\apache\logging\log4j\log4j-to-slf4j\2.17.2\log4j-to-slf4j-2.17.2.jar;C:\Users\sonam\.m2\repository\org\apache\logging\log4j\log4j-api\2.17.2\log4j-api-2.17.2.jar;C:\Users\sonam\.m2\repository\org\slf4j\jul-to-slf4j\1.7.36\jul-to-slf4j-1.7.36.jar;C:\Users\sonam\.m2\repository\jakarta\annotation\jakarta.annotation-api\1.3.5\jakarta.annotation-api-1.3.5.jar;C:\Users\sonam\.m2\repository\org\yaml\snakeyaml\1.30\snakeyaml-1.30.jar;C:\Users\sonam\.m2\repository\org\springframework\boot\spring-boot-actuator-autoconfigure\2.7.1\spring-boot-actuator-autoconfigure-2.7.1.jar;C:\Users\sonam\.m2\repository\org\springframework\boot\spring-boot-actuator\2.7.1\spring-boot-actuator-2.7.1.jar;C:\Users\sonam\.m2\repository\com\fasterxml\jackson\core\jackson-databind\2.13.3\jackson-databind-2.13.3.jar;C:\Users\sonam\.m2\repository\com\fasterxml\jackson\core\jackson-annotations\2.13.3\jackson-annotations-2.13.3.jar;C:\Users\sonam\.m2\repository\com\fasterxml\jackson\core\jackson-core\2.13.3\jackson-core-2.13.3.jar;C:\Users\sonam\.m2\repository\com\fasterxml\jackson\datatype\jackson-datatype-jsr310\2.13.3\jackson-datatype-jsr310-2.13.3.jar;C:\Users\sonam\.m2\repository\io\micrometer\micrometer-core\1.9.1\micrometer-core-1.9.1.jar;C:\Users\sonam\.m2\repository\org\hdrhistogram\HdrHistogram\2.1.12\HdrHistogram-2.1.12.jar;C:\Users\sonam\.
Launcher Type: SUN_STANDARD

[Global flags]
     intx CICompilerCount                          = 4                                         {product} {ergonomic}
     uint ConcGCThreads                            = 2                                         {product} {ergonomic}
     uint G1ConcRefinementThreads                  = 8                                         {product} {ergonomic}
   size_t G1HeapRegionSize                         = 1048576                                   {product} {ergonomic}
    uintx GCDrainStackTargetSize                   = 64                                        {product} {ergonomic}
   size_t InitialHeapSize                          = 132120576                                 {product} {ergonomic}
   size_t MarkStackSize                            = 4194304                                   {product} {ergonomic}
   size_t MaxHeapSize                              = 2105540608                                {product} {ergonomic}
   size_t MaxNewSize                               = 1262485504                                {product} {ergonomic}
   size_t MinHeapDeltaBytes                        = 1048576                                   {product} {ergonomic}
    uintx NonNMethodCodeHeapSize                   = 5835340                                {pd product} {ergonomic}
    uintx NonProfiledCodeHeapSize                  = 122911450                              {pd product} {ergonomic}
    uintx ProfiledCodeHeapSize                     = 122911450                              {pd product} {ergonomic}
    uintx ReservedCodeCacheSize                    = 251658240                              {pd product} {ergonomic}
     bool SegmentedCodeCache                       = true                                      {product} {ergonomic}
     bool UseCompressedClassPointers               = true                                 {lp64_product} {ergonomic}
     bool UseCompressedOops                        = true                                 {lp64_product} {ergonomic}
     bool UseG1GC                                  = true                                      {product} {ergonomic}
     bool UseLargePagesIndividualAllocation        = false                                  {pd product} {ergonomic}

Logging:
Log output configuration:
 #0: stdout all=warning uptime,level,tags
 #1: stderr all=off uptime,level,tags

Environment Variables:
JAVA_HOME=C:\Program Files\Java\jdk1.8.0_261
PATH=C:\Program Files (x86)\Common Files\Oracle\Java\javapath;C:\Program Files (x86)\Intel\Intel(R) Management Engine Components\iCLS\;C:\Program Files\Intel\Intel(R) Management Engine Components\iCLS\;C:\WINDOWS\system32;C:\WINDOWS;C:\WINDOWS\System32\Wbem;C:\WINDOWS\System32\WindowsPowerShell\v1.0\;C:\WINDOWS\System32\OpenSSH\;C:\Program Files (x86)\Intel\Intel(R) Management Engine Components\DAL;C:\Program Files\Intel\Intel(R) Management Engine Components\DAL;C:\Program Files (x86)\Intel\Intel(R) Management Engine Components\IPT;C:\Program Files\Intel\Intel(R) Management Engine Components\IPT;C:\Program Files\Intel\WiFi\bin\;C:\Program Files\Common Files\Intel\WirelessCommon\;C:\Program Files\Java\jdk1.8.0_261\bin;C:\apache-maven-3.6.3\bin;C:\Program Files\Git\cmd;C:\Python\Python383\Scripts\;C:\Python\Python383\;C:\Users\sonam\AppData\Local\Microsoft\WindowsApps;C:\Users\sonam\AppData\Local\Programs\Microsoft VS Code\bin;C:\Program Files\JetBrains\IntelliJ IDEA Community Edition 2020.1.3\bin;C:\Users\sonam\AppData\Local\atom\bin;C:\Users\sonam\AppData\Local\Microsoft\WindowsApps;
USERNAME=sonam
OS=Windows_NT
PROCESSOR_IDENTIFIER=Intel64 Family 6 Model 142 Stepping 10, GenuineIntel



---------------  S Y S T E M  ---------------

OS: Windows 10 , 64 bit Build 22000 (10.0.22000.675)

CPU:total 8 (initial active 8) (4 cores per cpu, 2 threads per core) family 6 model 142 stepping 10, cmov, cx8, fxsr, mmx, sse, sse2, sse3, ssse3, sse4.1, sse4.2, popcnt, avx, avx2, aes, clmul, erms, 3dnowpref, lzcnt, ht, tsc, tscinvbit, bmi1, bmi2, adx, fma

Memory: 4k page, system-wide physical 8026M (277M free)
TotalPageFile size 32602M (AvailPageFile size 0M)
current process WorkingSet (physical memory assigned to process): 20M, peak: 262M
current process commit charge ("private bytes"): 298M, peak: 359M

vm_info: OpenJDK 64-Bit Server VM (11+28) for windows-amd64 JRE (11+28), built on Aug 23 2018 03:04:58 by "mach5one" with MS VC++ 15.5 (VS2017)

END.
